<?xml version="1.0" encoding="UTF-8"?>
<!-- Generated by org.testng.reporters.JUnitReportReporter -->
<testsuite hostname="DESKTOP-UC82V51" failures="0" tests="1" name="testscript.TS_1" time="43.480" errors="0" timestamp="2022-12-04T06:35:38 EST" skipped="0">
  <testcase classname="testscript.TS_1" name="Script" time="43.480"/>
  <system-out/>
</testsuite> <!-- testscript.TS_1 -->
